mode: set
github.com/hakansenn/goWeb/cmd/web/main.go:25.13,28.16 2 0
github.com/hakansenn/goWeb/cmd/web/main.go:32.2,40.16 4 0
github.com/hakansenn/goWeb/cmd/web/main.go:28.16,30.3 1 0
github.com/hakansenn/goWeb/cmd/web/main.go:43.18,58.16 10 1
github.com/hakansenn/goWeb/cmd/web/main.go:63.2,70.12 6 1
github.com/hakansenn/goWeb/cmd/web/main.go:58.16,61.3 2 0
github.com/hakansenn/goWeb/cmd/web/middleware.go:16.45,26.2 3 1
github.com/hakansenn/goWeb/cmd/web/middleware.go:28.50,30.2 1 1
github.com/hakansenn/goWeb/cmd/web/routes.go:12.49,38.2 17 1
